{"C:\\Users\\fabri\\programação\\backend\\vitest-doc\\src\\test\\soma.ts": {"path":"C:\\Users\\fabri\\programação\\backend\\vitest-doc\\src\\test\\soma.ts","all":false,"statementMap":{"0":{"start":{"line":1,"column":0},"end":{"line":1,"column":52}},"1":{"start":{"line":2,"column":0},"end":{"line":2,"column":17}},"2":{"start":{"line":3,"column":0},"end":{"line":3,"column":1}}},"s":{"0":1,"1":1,"2":1},"branchMap":{"0":{"type":"branch","line":1,"loc":{"start":{"line":1,"column":7},"end":{"line":3,"column":1}},"locations":[{"start":{"line":1,"column":7},"end":{"line":3,"column":1}}]}},"b":{"0":[1]},"fnMap":{"0":{"name":"soma","decl":{"start":{"line":1,"column":7},"end":{"line":3,"column":1}},"loc":{"start":{"line":1,"column":7},"end":{"line":3,"column":1}},"line":1}},"f":{"0":1}}
,"C:\\Users\\fabri\\programação\\backend\\vitest-doc\\src\\test\\subtracao.ts": {"path":"C:\\Users\\fabri\\programação\\backend\\vitest-doc\\src\\test\\subtracao.ts","all":false,"statementMap":{"0":{"start":{"line":1,"column":0},"end":{"line":1,"column":65}}},"s":{"0":1},"branchMap":{"0":{"type":"branch","line":1,"loc":{"start":{"line":1,"column":25},"end":{"line":1,"column":65}},"locations":[{"start":{"line":1,"column":25},"end":{"line":1,"column":65}}]}},"b":{"0":[1]},"fnMap":{"0":{"name":"subtracao","decl":{"start":{"line":1,"column":25},"end":{"line":1,"column":65}},"loc":{"start":{"line":1,"column":25},"end":{"line":1,"column":65}},"line":1}},"f":{"0":1}}
}
